--- 2020-03-15T15:11:34.891369
SEND
$0=128<0D>
--- 2020-03-15T15:11:35.094169
RECV
ok<0D><0A>
--- 2020-03-15T15:11:35.094169
SEND
$1=128<0D>
--- 2020-03-15T15:11:35.296969
RECV
ok<0D><0A>
--- 2020-03-15T15:11:35.296969
SEND
$4=128<0D>
--- 2020-03-15T15:11:35.499770
RECV
ok<0D><0A>
--- 2020-03-15T15:11:35.499770
SEND
$5=128<0D>
--- 2020-03-15T15:11:35.702570
RECV
ok<0D><0A>
--- 2020-03-15T15:11:35.702570
SEND
$8=100<0D>
--- 2020-03-15T15:11:35.920970
RECV
ok<0D><0A>
--- 2020-03-15T16:04:49.290871
SEND
$0=340<0D>
--- 2020-03-15T16:04:49.509271
RECV
ok<0D><0A>
--- 2020-03-15T16:04:49.509271
SEND
$1=340<0D>
--- 2020-03-15T16:04:49.743271
RECV
ok<0D><0A>
--- 2020-03-15T16:04:49.743271
SEND
$4=150<0D>
--- 2020-03-15T16:04:49.961672
RECV
ok<0D><0A>
--- 2020-03-15T16:04:49.977272
SEND
$5=300<0D>
--- 2020-03-15T16:04:50.195672
RECV
ok<0D><0A>
--- 2020-03-15T16:04:50.195672
SEND
$8=10<0D>
--- 2020-03-15T16:04:50.429673
RECV
ok<0D><0A>
--- 2020-03-15T16:17:51.005802
SEND
$$<0D>
--- 2020-03-15T16:17:51.044804
RECV
$0=340.000 (x, step/mm)<0D><0A>
--- 2020-03-15T16:18:34.812307
SEND
$0=128<0D>
--- 2020-03-15T16:18:35.040320
RECV
ok<0D><0A>
--- 2020-03-15T16:18:35.041320
SEND
$1=128<0D>
--- 2020-03-15T16:18:35.269333
RECV
ok<0D><0A>
--- 2020-03-15T16:18:35.270334
SEND
$4=400<0D>
--- 2020-03-15T16:18:35.497347
RECV
ok<0D><0A>
--- 2020-03-15T16:18:35.498347
SEND
$5=800<0D>
--- 2020-03-15T16:18:35.725360
RECV
ok<0D><0A>
--- 2020-03-15T16:18:35.726360
SEND
$8=100<0D>
--- 2020-03-15T16:18:35.953373
RECV
ok<0D><0A>
--- 2020-03-15T16:18:44.937886
SEND
$$<0D>
--- 2020-03-15T16:18:44.977889
RECV
$0=128.000 (x, step/mm)<0D><0A>
--- 2020-03-15T17:37:23.226393
SEND
$$<0D>
--- 2020-03-15T17:37:23.257593
RECV
$0=128.000 (x, step/mm)<0D><0A>
--- 2020-03-15T17:37:52.493779
SEND
$0=340<0D>
--- 2020-03-15T17:37:52.712180
RECV
ok<0D><0A>
--- 2020-03-15T17:37:52.712180
SEND
$1=340<0D>
--- 2020-03-15T17:37:52.946180
RECV
ok<0D><0A>
--- 2020-03-15T17:37:52.946180
SEND
$4=150<0D>
--- 2020-03-15T17:37:53.164581
RECV
ok<0D><0A>
--- 2020-03-15T17:37:53.164581
SEND
$5=300<0D>
--- 2020-03-15T17:37:53.398581
RECV
ok<0D><0A>
--- 2020-03-15T17:37:53.398581
SEND
$8=10<0D>
--- 2020-03-15T17:37:53.632581
RECV
ok<0D><0A>
--- 2020-03-15T17:39:11.202004
SEND
$0=128<0D>
--- 2020-03-15T17:39:11.429017
RECV
ok<0D><0A>
--- 2020-03-15T17:39:11.429017
SEND
$1=128<0D>
--- 2020-03-15T17:39:11.657030
RECV
ok<0D><0A>
--- 2020-03-15T17:39:11.657030
SEND
$4=400<0D>
--- 2020-03-15T17:39:11.885043
RECV
ok<0D><0A>
--- 2020-03-15T17:39:11.885043
SEND
$5=800<0D>
--- 2020-03-15T17:39:12.102853
RECV
ok<0D><0A>
--- 2020-03-15T17:39:12.102853
SEND
$8=100<0D>
--- 2020-03-15T17:39:12.336853
RECV
ok<0D><0A>
--- 2020-03-15T18:39:30.946023
SEND
G91<0D>
--- 2020-03-15T18:39:30.946023
RECV
ok<0D><0A>
--- 2020-03-15T18:39:30.946023
SEND
G00 X-100 Y-100<0A>
--- 2020-03-15T18:39:30.977223
RECV
ok<0D><0A>
--- 2020-03-15T18:39:30.977223
SEND
<0A>
--- 2020-03-15T18:39:30.992823
RECV
ok<0D><0A>
--- 2020-03-15T18:39:30.992823
SEND
<0A>
--- 2020-03-15T18:39:30.992823
RECV
ok<0D><0A>
--- 2020-03-15T18:39:39.337597
SEND
G91<0D>
--- 2020-03-15T18:39:39.368797
RECV
ok<0D><0A>
--- 2020-03-15T18:39:39.368797
SEND
G00 X-100 Y-100<0A>
--- 2020-03-15T18:39:39.415597
RECV
ok<0D><0A>
--- 2020-03-15T18:39:39.415597
SEND
<0A>
--- 2020-03-15T18:39:39.446797
RECV
ok<0D><0A>
--- 2020-03-15T18:39:39.446797
SEND
<0A>
--- 2020-03-15T18:39:39.477997
RECV
ok<0D><0A>
--- 2020-03-15T18:39:53.083834
SEND
G90<0D>
--- 2020-03-15T18:39:53.120435
RECV
ok<0D><0A>
--- 2020-03-15T18:40:23.183404
SEND
$0=128<0D>
--- 2020-03-15T18:40:23.401805
RECV
ok<0D><0A>
--- 2020-03-15T18:40:23.401805
SEND
$1=128<0D>
--- 2020-03-15T18:40:23.635805
RECV
ok<0D><0A>
--- 2020-03-15T18:40:23.635805
SEND
$4=400<0D>
--- 2020-03-15T18:40:23.854205
RECV
ok<0D><0A>
--- 2020-03-15T18:40:23.869805
SEND
$5=800<0D>
--- 2020-03-15T18:40:24.088206
RECV
ok<0D><0A>
--- 2020-03-15T18:40:24.088206
SEND
$8=100<0D>
--- 2020-03-15T18:40:24.322206
RECV
ok<0D><0A>
--- 2020-03-15T18:40:32.134126
SEND
$$<0D>
--- 2020-03-15T18:40:32.165326
RECV
$0=128.000 (x, step/mm)<0D><0A>
--- 2020-03-15T18:40:44.413909
SEND
$0=340<0D>
--- 2020-03-15T18:40:44.632309
RECV
ok<0D><0A>
--- 2020-03-15T18:40:44.632309
SEND
$1=340<0D>
--- 2020-03-15T18:40:44.866310
RECV
ok<0D><0A>
--- 2020-03-15T18:40:44.866310
SEND
$4=150<0D>
--- 2020-03-15T18:40:45.084710
RECV
ok<0D><0A>
--- 2020-03-15T18:40:45.084710
SEND
$5=300<0D>
--- 2020-03-15T18:40:45.327323
RECV
ok<0D><0A>
--- 2020-03-15T18:40:45.327323
SEND
$8=10<0D>
--- 2020-03-15T18:40:45.554336
RECV
ok<0D><0A>
--- 2020-03-15T18:40:55.444435
SEND
$0=340<0D>
--- 2020-03-15T18:40:55.662835
RECV
ok<0D><0A>
--- 2020-03-15T18:40:55.662835
SEND
$1=340<0D>
--- 2020-03-15T18:40:55.896835
RECV
ok<0D><0A>
--- 2020-03-15T18:40:55.896835
SEND
$4=150<0D>
--- 2020-03-15T18:40:56.130638
RECV
ok<0D><0A>
--- 2020-03-15T18:40:56.130638
SEND
$5=300<0D>
--- 2020-03-15T18:40:56.358651
RECV
ok<0D><0A>
--- 2020-03-15T18:40:56.358651
SEND
$8=10<0D>
--- 2020-03-15T18:40:56.585664
RECV
ok<0D><0A>
--- 2020-03-15T18:41:03.558380
SEND
$$<0D>
--- 2020-03-15T18:41:03.597383
RECV
$0=340.000 (x, step/mm)<0D><0A>
--- 2020-03-16T12:47:20.412542
SEND
G91<0D>
--- 2020-03-16T12:47:20.464545
RECV
ok<0D><0A>
--- 2020-03-16T12:47:20.466545
SEND
G00 X-100 Y-100<0A>
--- 2020-03-16T12:47:20.491546
RECV
ok<0D><0A>
--- 2020-03-16T12:47:20.491546
SEND
<0A>
--- 2020-03-16T12:47:20.500547
RECV
ok<0D><0A>
--- 2020-03-16T12:47:20.500547
SEND
<0A>
--- 2020-03-16T12:47:20.508547
RECV
ok<0D><0A>
--- 2020-03-16T12:48:16.611756
SEND
G91<0D>
--- 2020-03-16T12:48:16.644758
RECV
ok<0D><0A>
--- 2020-03-16T12:48:16.645758
SEND
G00 X-100 Y-100<0A>
--- 2020-03-16T12:48:16.691761
RECV
ok<0D><0A>
--- 2020-03-16T12:48:16.692761
SEND
<0A>
--- 2020-03-16T12:48:16.721762
RECV
ok<0D><0A>
--- 2020-03-16T12:48:16.722762
SEND
<0A>
--- 2020-03-16T12:48:16.751764
RECV
ok<0D><0A>
--- 2020-03-16T12:49:11.618902
SEND
G91<0D>
--- 2020-03-16T12:49:11.629903
RECV
ok<0D><0A>
--- 2020-03-16T12:49:11.630903
SEND
G00 X-100 Y-100<0A>
--- 2020-03-16T12:49:11.655904
RECV
ok<0D><0A>
--- 2020-03-16T12:49:11.656904
SEND
<0A>
--- 2020-03-16T12:49:11.664905
RECV
ok<0D><0A>
--- 2020-03-16T12:49:11.665905
SEND
<0A>
--- 2020-03-16T12:49:11.673905
RECV
ok<0D><0A>
--- 2020-03-16T12:49:41.579616
SEND
$$<0D>
--- 2020-03-16T12:49:41.619618
RECV
$0=128.000 (x, step/mm)<0D><0A>
--- 2020-03-16T12:49:50.057101
SEND
$0=340<0D>
--- 2020-03-16T12:49:50.276113
RECV
ok<0D><0A>
--- 2020-03-16T12:49:50.277113
SEND
$1=340<0D>
--- 2020-03-16T12:49:50.496126
RECV
ok<0D><0A>
--- 2020-03-16T12:49:50.497126
SEND
$4=150<0D>
--- 2020-03-16T12:49:50.716138
RECV
ok<0D><0A>
--- 2020-03-16T12:49:50.716138
SEND
$5=300<0D>
--- 2020-03-16T12:49:50.936151
RECV
ok<0D><0A>
--- 2020-03-16T12:49:50.936151
SEND
$8=10<0D>
--- 2020-03-16T12:49:51.154163
RECV
ok<0D><0A>
--- 2020-03-16T12:50:00.395692
SEND
$$<0D>
--- 2020-03-16T12:50:00.436694
RECV
$0=340.000 (x, step/mm)<0D><0A>
